<?xml version="1.0" encoding="UTF-8"?>
<!-- Generated by org.testng.reporters.JUnitReportReporter -->
<testsuite skipped="3" hostname="IBM-1DWTPM3" name="day1.restassured" tests="4" failures="0" timestamp="04 Jul 2022 11:05:42 GMT" time="3.022" errors="0">
  <testcase name="createuser" time="3.022" classname="day1.restassured"/>
  <testcase name="deleteuser" classname="day1.restassured">
    <skipped/>
  </testcase> <!-- deleteuser -->
  <testcase name="getuser" classname="day1.restassured">
    <skipped/>
  </testcase> <!-- getuser -->
  <testcase name="modifyuser" classname="day1.restassured">
    <skipped/>
  </testcase> <!-- modifyuser -->
</testsuite> <!-- day1.restassured -->
